Building DAG of jobs...
Using shell: /usr/bin/bash
Provided cores: 1 (use --cores to define parallelism)
Rules claiming more threads will be scaled down.
Job stats:
job           count
----------  -------
all               1
run_fastqc        1
total             2

Select jobs to execute...

[Sat Mar  7 13:33:35 2026]
rule run_fastqc:
    input: data/barcode77.fastq
    output: results/fastqc_done.txt
    jobid: 1
    reason: Missing output files: results/fastqc_done.txt
    resources: tmpdir=/tmp

[Sat Mar  7 13:33:41 2026]
Error in rule run_fastqc:
    jobid: 1
    input: data/barcode77.fastq
    output: results/fastqc_done.txt
    shell:
        fastqc data/barcode77.fastq -o results && touch results/fastqc_done.txt
        (one of the commands exited with non-zero exit code; note that snakemake uses bash strict mode!)

Shutting down, this might take some time.
Exiting because a job execution failed. Look above for error message
Complete log: .snakemake/log/2026-03-07T133335.692358.snakemake.log
