Building DAG of jobs...
Using shell: /usr/bin/bash
Provided cores: 1 (use --cores to define parallelism)
Rules claiming more threads will be scaled down.
Job stats:
job           count
----------  -------
all               1
run_fastqc        1
total             2

Select jobs to execute...

[Fri Mar  6 19:18:32 2026]
rule run_fastqc:
    input: data/sample.fastq
    output: results/fastqc_done.txt
    jobid: 1
    reason: Missing output files: results/fastqc_done.txt
    resources: tmpdir=/tmp

[Fri Mar  6 19:18:36 2026]
Finished job 1.
1 of 2 steps (50%) done
Select jobs to execute...

[Fri Mar  6 19:18:36 2026]
localrule all:
    input: results/fastqc_done.txt
    jobid: 0
    reason: Input files updated by another job: results/fastqc_done.txt
    resources: tmpdir=/tmp

[Fri Mar  6 19:18:36 2026]
Finished job 0.
2 of 2 steps (100%) done
Complete log: .snakemake/log/2026-03-06T191831.385071.snakemake.log
