Building DAG of jobs...
Using shell: /usr/bin/bash
Provided cores: 1 (use --cores to define parallelism)
Rules claiming more threads will be scaled down.
Job stats:
job              count
-------------  -------
all                  1
analyze_reads        1
plot_results         1
total                3

Select jobs to execute...

[Sat Mar  7 15:35:03 2026]
rule analyze_reads:
    input: data/barcode77.fastq
    output: results/barcode77_stats.csv
    jobid: 2
    reason: Missing output files: results/barcode77_stats.csv
    resources: tmpdir=/tmp

[Sat Mar  7 15:35:16 2026]
Finished job 2.
1 of 3 steps (33%) done
Select jobs to execute...

[Sat Mar  7 15:35:16 2026]
rule plot_results:
    input: results/barcode77_stats.csv
    output: results/gc_distribution.png, results/read_length_distribution.png, results/mean_quality_distribution.png
    jobid: 3
    reason: Missing output files: results/mean_quality_distribution.png, results/read_length_distribution.png, results/gc_distribution.png; Input files updated by another job: results/barcode77_stats.csv
    resources: tmpdir=/tmp

[Sat Mar  7 15:35:23 2026]
Finished job 3.
2 of 3 steps (67%) done
Select jobs to execute...

[Sat Mar  7 15:35:23 2026]
localrule all:
    input: results/fastqc_done.txt, results/barcode77_fastqc.html, results/barcode77_fastqc.zip, results/barcode77_stats.csv, results/gc_distribution.png, results/read_length_distribution.png, results/mean_quality_distribution.png
    jobid: 0
    reason: Input files updated by another job: results/mean_quality_distribution.png, results/read_length_distribution.png, results/gc_distribution.png, results/barcode77_stats.csv
    resources: tmpdir=/tmp

[Sat Mar  7 15:35:23 2026]
Finished job 0.
3 of 3 steps (100%) done
Complete log: .snakemake/log/2026-03-07T153502.967822.snakemake.log
