2026-03-11 14:31:12,163 NanoPlot 1.46.2 started with arguments Namespace(threads=1, verbose=False, store=False, raw=False, huge=False, outdir='results/NanoPlot_details', no_static=False, prefix='', tsv_stats=False, only_report=False, info_in_report=False, maxlength=None, minlength=None, drop_outliers=False, downsample=None, loglength=False, percentqual=False, alength=False, minqual=None, runtime_until=None, readtype='1D', barcoded=False, no_supplementary=False, color='#4CB391', colormap='Greens', format=['png'], plots=['kde', 'dot'], legacy=None, listcolors=False, listcolormaps=False, no_N50=False, N50=False, title=None, font_scale=1, dpi=300, hide_stats=False, fastq=['data/barcode77.fastq'], fasta=None, fastq_rich=None, fastq_minimal=None, summary=None, bam=None, ubam=None, cram=None, pickle=None, feather=None, path='results/NanoPlot_details/')
2026-03-11 14:31:12,163 Python version is: 3.10.20 | packaged by conda-forge | (main, Mar  5 2026, 16:42:22) [GCC 14.3.0]
2026-03-11 14:31:12,309 Nanoget: Starting to collect statistics from plain fastq file.
2026-03-11 14:31:18,615 Reduced DataFrame memory usage from 1.2362518310546875Mb to 1.2362518310546875Mb
2026-03-11 14:31:18,646 Nanoget: Gathered all metrics of 81011 reads
2026-03-11 14:31:18,713 Calculated statistics
2026-03-11 14:31:18,714 Using sequenced read lengths for plotting.
2026-03-11 14:31:18,720 NanoPlot:  Valid color #4CB391.
2026-03-11 14:31:18,720 NanoPlot:  Valid colormap Greens.
2026-03-11 14:31:18,721 NanoPlot:  Creating length plots for Read length.
2026-03-11 14:31:18,722 NanoPlot:  Using 81011 reads maximum of 686155bp.
2026-03-11 14:31:18,933 Chromium init'ed with kwargs {}
2026-03-11 14:31:18,933 Found chromium path: /home/lenova/miniconda3/envs/longread_env/lib/python3.10/site-packages/choreographer/cli/browser_exe/chrome-linux64/chrome
2026-03-11 14:31:18,935 Temp directory created: /tmp/tmpblbat01q.
2026-03-11 14:31:18,935 Opening browser.
2026-03-11 14:31:18,937 Temp directory created: /tmp/tmp816qi2t2.
2026-03-11 14:31:18,960 Temporary directory at: /tmp/tmp816qi2t2
2026-03-11 14:31:19,015 Closing browser.
2026-03-11 14:31:19,032 TemporaryDirectory.cleanup() worked.
2026-03-11 14:31:19,032 shutil.rmtree worked.
2026-03-11 14:31:19,033 TemporaryDirectory.cleanup() worked.
2026-03-11 14:31:19,033 shutil.rmtree worked.
2026-03-11 14:31:19,033 Cancelling tasks.
2026-03-11 14:31:19,033 Exiting Kaleido/Choreo
2026-03-11 14:31:19,034 DPI helper failed for results/NanoPlot_details/WeightedHistogramReadlength.png: It seems like you are running a slim version of your operating system and are missing some common dependencies. The following command should install the required dependencies on most systems:

$ sudo apt update && sudo apt-get install libnss3 libatk-bridge2.0-0 libcups2 libxcomposite1 libxdamage1 libxfixes3 libxrandr2 libgbm1 libxkbcommon0 libpango-1.0-0 libcairo2 libasound2

If you have already run the above command and are still seeing this error, or the above command fails, consult the Kaleido documentation for operating system to install chromium dependencies.

For support, run the command `choreo_diagnose` and create an issue with its output.; falling back to explicit px size
2026-03-11 14:31:19,039 Chromium init'ed with kwargs {}
2026-03-11 14:31:19,039 Found chromium path: /home/lenova/miniconda3/envs/longread_env/lib/python3.10/site-packages/choreographer/cli/browser_exe/chrome-linux64/chrome
2026-03-11 14:31:19,041 Temp directory created: /tmp/tmpue_ili7z.
2026-03-11 14:31:19,041 Opening browser.
2026-03-11 14:31:19,043 Temp directory created: /tmp/tmp3_9szk6d.
2026-03-11 14:31:19,064 Temporary directory at: /tmp/tmp3_9szk6d
2026-03-11 14:31:19,119 Closing browser.
2026-03-11 14:31:19,136 TemporaryDirectory.cleanup() worked.
2026-03-11 14:31:19,137 shutil.rmtree worked.
2026-03-11 14:31:19,137 TemporaryDirectory.cleanup() worked.
2026-03-11 14:31:19,137 shutil.rmtree worked.
2026-03-11 14:31:19,138 Cancelling tasks.
2026-03-11 14:31:19,138 Exiting Kaleido/Choreo
2026-03-11 14:31:19,138 No static plots are saved due to an export problem:
2026-03-11 14:31:19,138 It seems like you are running a slim version of your operating system and are missing some common dependencies. The following command should install the required dependencies on most systems:

$ sudo apt update && sudo apt-get install libnss3 libatk-bridge2.0-0 libcups2 libxcomposite1 libxdamage1 libxfixes3 libxrandr2 libgbm1 libxkbcommon0 libpango-1.0-0 libcairo2 libasound2

If you have already run the above command and are still seeing this error, or the above command fails, consult the Kaleido documentation for operating system to install chromium dependencies.

For support, run the command `choreo_diagnose` and create an issue with its output.
2026-03-11 14:31:19,204 Chromium init'ed with kwargs {}
2026-03-11 14:31:19,205 Found chromium path: /home/lenova/miniconda3/envs/longread_env/lib/python3.10/site-packages/choreographer/cli/browser_exe/chrome-linux64/chrome
2026-03-11 14:31:19,206 Temp directory created: /tmp/tmpl00lshn8.
2026-03-11 14:31:19,206 Opening browser.
2026-03-11 14:31:19,208 Temp directory created: /tmp/tmpqhx7t5jh.
2026-03-11 14:31:19,229 Temporary directory at: /tmp/tmpqhx7t5jh
2026-03-11 14:31:19,294 Closing browser.
2026-03-11 14:31:19,311 TemporaryDirectory.cleanup() worked.
2026-03-11 14:31:19,311 shutil.rmtree worked.
2026-03-11 14:31:19,312 TemporaryDirectory.cleanup() worked.
2026-03-11 14:31:19,312 shutil.rmtree worked.
2026-03-11 14:31:19,312 Cancelling tasks.
2026-03-11 14:31:19,312 Exiting Kaleido/Choreo
2026-03-11 14:31:19,313 DPI helper failed for results/NanoPlot_details/WeightedLogTransformed_HistogramReadlength.png: It seems like you are running a slim version of your operating system and are missing some common dependencies. The following command should install the required dependencies on most systems:

$ sudo apt update && sudo apt-get install libnss3 libatk-bridge2.0-0 libcups2 libxcomposite1 libxdamage1 libxfixes3 libxrandr2 libgbm1 libxkbcommon0 libpango-1.0-0 libcairo2 libasound2

If you have already run the above command and are still seeing this error, or the above command fails, consult the Kaleido documentation for operating system to install chromium dependencies.

For support, run the command `choreo_diagnose` and create an issue with its output.; falling back to explicit px size
2026-03-11 14:31:19,318 Chromium init'ed with kwargs {}
2026-03-11 14:31:19,318 Found chromium path: /home/lenova/miniconda3/envs/longread_env/lib/python3.10/site-packages/choreographer/cli/browser_exe/chrome-linux64/chrome
2026-03-11 14:31:19,320 Temp directory created: /tmp/tmpi_wwl1_t.
2026-03-11 14:31:19,320 Opening browser.
2026-03-11 14:31:19,322 Temp directory created: /tmp/tmpsauv_0i2.
2026-03-11 14:31:19,344 Temporary directory at: /tmp/tmpsauv_0i2
2026-03-11 14:31:19,347 TemporaryDirectory.cleanup() worked.
2026-03-11 14:31:19,347 shutil.rmtree worked.
2026-03-11 14:31:19,347 TemporaryDirectory.cleanup() worked.
2026-03-11 14:31:19,347 shutil.rmtree worked.
2026-03-11 14:31:19,347 TemporaryDirectory.cleanup() worked.
2026-03-11 14:31:19,347 shutil.rmtree worked.
2026-03-11 14:31:19,402 Closing browser.
2026-03-11 14:31:19,419 TemporaryDirectory.cleanup() worked.
2026-03-11 14:31:19,419 shutil.rmtree worked.
2026-03-11 14:31:19,419 TemporaryDirectory.cleanup() worked.
2026-03-11 14:31:19,420 shutil.rmtree worked.
2026-03-11 14:31:19,420 Cancelling tasks.
2026-03-11 14:31:19,420 Exiting Kaleido/Choreo
2026-03-11 14:31:19,420 No static plots are saved due to an export problem:
2026-03-11 14:31:19,420 It seems like you are running a slim version of your operating system and are missing some common dependencies. The following command should install the required dependencies on most systems:

$ sudo apt update && sudo apt-get install libnss3 libatk-bridge2.0-0 libcups2 libxcomposite1 libxdamage1 libxfixes3 libxrandr2 libgbm1 libxkbcommon0 libpango-1.0-0 libcairo2 libasound2

If you have already run the above command and are still seeing this error, or the above command fails, consult the Kaleido documentation for operating system to install chromium dependencies.

For support, run the command `choreo_diagnose` and create an issue with its output.
2026-03-11 14:31:19,458 Chromium init'ed with kwargs {}
2026-03-11 14:31:19,458 Found chromium path: /home/lenova/miniconda3/envs/longread_env/lib/python3.10/site-packages/choreographer/cli/browser_exe/chrome-linux64/chrome
2026-03-11 14:31:19,460 Temp directory created: /tmp/tmpatcfl0k5.
2026-03-11 14:31:19,460 Opening browser.
2026-03-11 14:31:19,462 Temp directory created: /tmp/tmph62tfvqt.
2026-03-11 14:31:19,487 Temporary directory at: /tmp/tmph62tfvqt
2026-03-11 14:31:19,555 Closing browser.
2026-03-11 14:31:19,572 TemporaryDirectory.cleanup() worked.
2026-03-11 14:31:19,572 shutil.rmtree worked.
2026-03-11 14:31:19,573 TemporaryDirectory.cleanup() worked.
2026-03-11 14:31:19,573 shutil.rmtree worked.
2026-03-11 14:31:19,573 Cancelling tasks.
2026-03-11 14:31:19,573 Exiting Kaleido/Choreo
2026-03-11 14:31:19,573 DPI helper failed for results/NanoPlot_details/Non_weightedHistogramReadlength.png: It seems like you are running a slim version of your operating system and are missing some common dependencies. The following command should install the required dependencies on most systems:

$ sudo apt update && sudo apt-get install libnss3 libatk-bridge2.0-0 libcups2 libxcomposite1 libxdamage1 libxfixes3 libxrandr2 libgbm1 libxkbcommon0 libpango-1.0-0 libcairo2 libasound2

If you have already run the above command and are still seeing this error, or the above command fails, consult the Kaleido documentation for operating system to install chromium dependencies.

For support, run the command `choreo_diagnose` and create an issue with its output.; falling back to explicit px size
2026-03-11 14:31:19,576 TemporaryDirectory.cleanup() worked.
2026-03-11 14:31:19,576 shutil.rmtree worked.
2026-03-11 14:31:19,578 Chromium init'ed with kwargs {}
2026-03-11 14:31:19,578 Found chromium path: /home/lenova/miniconda3/envs/longread_env/lib/python3.10/site-packages/choreographer/cli/browser_exe/chrome-linux64/chrome
2026-03-11 14:31:19,579 Temp directory created: /tmp/tmpabgxebf1.
2026-03-11 14:31:19,580 Opening browser.
2026-03-11 14:31:19,581 Temp directory created: /tmp/tmp8k1n522d.
2026-03-11 14:31:19,605 Temporary directory at: /tmp/tmp8k1n522d
2026-03-11 14:31:19,660 Closing browser.
2026-03-11 14:31:19,678 TemporaryDirectory.cleanup() worked.
2026-03-11 14:31:19,678 shutil.rmtree worked.
2026-03-11 14:31:19,678 TemporaryDirectory.cleanup() worked.
2026-03-11 14:31:19,679 shutil.rmtree worked.
2026-03-11 14:31:19,679 Cancelling tasks.
2026-03-11 14:31:19,679 Exiting Kaleido/Choreo
2026-03-11 14:31:19,679 No static plots are saved due to an export problem:
2026-03-11 14:31:19,679 It seems like you are running a slim version of your operating system and are missing some common dependencies. The following command should install the required dependencies on most systems:

$ sudo apt update && sudo apt-get install libnss3 libatk-bridge2.0-0 libcups2 libxcomposite1 libxdamage1 libxfixes3 libxrandr2 libgbm1 libxkbcommon0 libpango-1.0-0 libcairo2 libasound2

If you have already run the above command and are still seeing this error, or the above command fails, consult the Kaleido documentation for operating system to install chromium dependencies.

For support, run the command `choreo_diagnose` and create an issue with its output.
2026-03-11 14:31:19,691 TemporaryDirectory.cleanup() worked.
2026-03-11 14:31:19,692 shutil.rmtree worked.
2026-03-11 14:31:19,718 Chromium init'ed with kwargs {}
2026-03-11 14:31:19,718 Found chromium path: /home/lenova/miniconda3/envs/longread_env/lib/python3.10/site-packages/choreographer/cli/browser_exe/chrome-linux64/chrome
2026-03-11 14:31:19,719 Temp directory created: /tmp/tmp50azxtfp.
2026-03-11 14:31:19,730 Opening browser.
2026-03-11 14:31:19,731 Temp directory created: /tmp/tmprzgi5f2v.
2026-03-11 14:31:19,752 Temporary directory at: /tmp/tmprzgi5f2v
2026-03-11 14:31:19,814 Closing browser.
2026-03-11 14:31:19,832 TemporaryDirectory.cleanup() worked.
2026-03-11 14:31:19,832 shutil.rmtree worked.
2026-03-11 14:31:19,832 TemporaryDirectory.cleanup() worked.
2026-03-11 14:31:19,832 shutil.rmtree worked.
2026-03-11 14:31:19,833 Cancelling tasks.
2026-03-11 14:31:19,833 Exiting Kaleido/Choreo
2026-03-11 14:31:19,833 DPI helper failed for results/NanoPlot_details/Non_weightedLogTransformed_HistogramReadlength.png: It seems like you are running a slim version of your operating system and are missing some common dependencies. The following command should install the required dependencies on most systems:

$ sudo apt update && sudo apt-get install libnss3 libatk-bridge2.0-0 libcups2 libxcomposite1 libxdamage1 libxfixes3 libxrandr2 libgbm1 libxkbcommon0 libpango-1.0-0 libcairo2 libasound2

If you have already run the above command and are still seeing this error, or the above command fails, consult the Kaleido documentation for operating system to install chromium dependencies.

For support, run the command `choreo_diagnose` and create an issue with its output.; falling back to explicit px size
2026-03-11 14:31:19,839 Chromium init'ed with kwargs {}
2026-03-11 14:31:19,839 Found chromium path: /home/lenova/miniconda3/envs/longread_env/lib/python3.10/site-packages/choreographer/cli/browser_exe/chrome-linux64/chrome
2026-03-11 14:31:19,840 Temp directory created: /tmp/tmpm3tovk3p.
2026-03-11 14:31:19,841 Opening browser.
2026-03-11 14:31:19,842 Temp directory created: /tmp/tmpycr52aw5.
2026-03-11 14:31:19,866 Temporary directory at: /tmp/tmpycr52aw5
2026-03-11 14:31:19,924 Closing browser.
2026-03-11 14:31:19,942 TemporaryDirectory.cleanup() worked.
2026-03-11 14:31:19,942 shutil.rmtree worked.
2026-03-11 14:31:19,943 TemporaryDirectory.cleanup() worked.
2026-03-11 14:31:19,943 shutil.rmtree worked.
2026-03-11 14:31:19,943 Cancelling tasks.
2026-03-11 14:31:19,943 Exiting Kaleido/Choreo
2026-03-11 14:31:19,943 No static plots are saved due to an export problem:
2026-03-11 14:31:19,944 It seems like you are running a slim version of your operating system and are missing some common dependencies. The following command should install the required dependencies on most systems:

$ sudo apt update && sudo apt-get install libnss3 libatk-bridge2.0-0 libcups2 libxcomposite1 libxdamage1 libxfixes3 libxrandr2 libgbm1 libxkbcommon0 libpango-1.0-0 libcairo2 libasound2

If you have already run the above command and are still seeing this error, or the above command fails, consult the Kaleido documentation for operating system to install chromium dependencies.

For support, run the command `choreo_diagnose` and create an issue with its output.
2026-03-11 14:31:19,944 NanoPlot: Creating yield by minimal length plot for Read length.
2026-03-11 14:31:19,985 TemporaryDirectory.cleanup() worked.
2026-03-11 14:31:19,985 shutil.rmtree worked.
2026-03-11 14:31:19,986 TemporaryDirectory.cleanup() worked.
2026-03-11 14:31:19,986 shutil.rmtree worked.
2026-03-11 14:31:20,136 Chromium init'ed with kwargs {}
2026-03-11 14:31:20,137 Found chromium path: /home/lenova/miniconda3/envs/longread_env/lib/python3.10/site-packages/choreographer/cli/browser_exe/chrome-linux64/chrome
2026-03-11 14:31:20,138 Temp directory created: /tmp/tmppsldsbfm.
2026-03-11 14:31:20,138 Opening browser.
2026-03-11 14:31:20,140 Temp directory created: /tmp/tmp2beup5h5.
2026-03-11 14:31:20,162 Temporary directory at: /tmp/tmp2beup5h5
2026-03-11 14:31:20,221 Closing browser.
2026-03-11 14:31:20,238 TemporaryDirectory.cleanup() worked.
2026-03-11 14:31:20,238 shutil.rmtree worked.
2026-03-11 14:31:20,239 TemporaryDirectory.cleanup() worked.
2026-03-11 14:31:20,239 shutil.rmtree worked.
2026-03-11 14:31:20,239 Cancelling tasks.
2026-03-11 14:31:20,239 Exiting Kaleido/Choreo
2026-03-11 14:31:20,239 DPI helper failed for results/NanoPlot_details/Yield_By_Length.png: It seems like you are running a slim version of your operating system and are missing some common dependencies. The following command should install the required dependencies on most systems:

$ sudo apt update && sudo apt-get install libnss3 libatk-bridge2.0-0 libcups2 libxcomposite1 libxdamage1 libxfixes3 libxrandr2 libgbm1 libxkbcommon0 libpango-1.0-0 libcairo2 libasound2

If you have already run the above command and are still seeing this error, or the above command fails, consult the Kaleido documentation for operating system to install chromium dependencies.

For support, run the command `choreo_diagnose` and create an issue with its output.; falling back to explicit px size
2026-03-11 14:31:20,244 Chromium init'ed with kwargs {}
2026-03-11 14:31:20,244 Found chromium path: /home/lenova/miniconda3/envs/longread_env/lib/python3.10/site-packages/choreographer/cli/browser_exe/chrome-linux64/chrome
2026-03-11 14:31:20,245 Temp directory created: /tmp/tmpg1vqturt.
2026-03-11 14:31:20,245 Opening browser.
2026-03-11 14:31:20,247 Temp directory created: /tmp/tmpn2k2gcwo.
2026-03-11 14:31:20,271 Temporary directory at: /tmp/tmpn2k2gcwo
2026-03-11 14:31:20,339 Closing browser.
2026-03-11 14:31:20,355 TemporaryDirectory.cleanup() worked.
2026-03-11 14:31:20,355 shutil.rmtree worked.
2026-03-11 14:31:20,356 TemporaryDirectory.cleanup() worked.
2026-03-11 14:31:20,356 shutil.rmtree worked.
2026-03-11 14:31:20,356 Cancelling tasks.
2026-03-11 14:31:20,356 Exiting Kaleido/Choreo
2026-03-11 14:31:20,357 No static plots are saved due to an export problem:
2026-03-11 14:31:20,357 It seems like you are running a slim version of your operating system and are missing some common dependencies. The following command should install the required dependencies on most systems:

$ sudo apt update && sudo apt-get install libnss3 libatk-bridge2.0-0 libcups2 libxcomposite1 libxdamage1 libxfixes3 libxrandr2 libgbm1 libxkbcommon0 libpango-1.0-0 libcairo2 libasound2

If you have already run the above command and are still seeing this error, or the above command fails, consult the Kaleido documentation for operating system to install chromium dependencies.

For support, run the command `choreo_diagnose` and create an issue with its output.
2026-03-11 14:31:20,357 Created length plots
2026-03-11 14:31:20,358 NanoPlot: Creating Read lengths vs Average read quality plots using 81011 reads.
2026-03-11 14:31:20,452 TemporaryDirectory.cleanup() worked.
2026-03-11 14:31:20,452 shutil.rmtree worked.
2026-03-11 14:31:20,452 TemporaryDirectory.cleanup() worked.
2026-03-11 14:31:20,452 shutil.rmtree worked.
2026-03-11 14:31:20,486 Chromium init'ed with kwargs {}
2026-03-11 14:31:20,486 Found chromium path: /home/lenova/miniconda3/envs/longread_env/lib/python3.10/site-packages/choreographer/cli/browser_exe/chrome-linux64/chrome
2026-03-11 14:31:20,488 Temp directory created: /tmp/tmpob39r0mt.
2026-03-11 14:31:20,489 Opening browser.
2026-03-11 14:31:20,491 Temp directory created: /tmp/tmpt64bwiq0.
2026-03-11 14:31:20,515 Temporary directory at: /tmp/tmpt64bwiq0
2026-03-11 14:31:20,578 Closing browser.
2026-03-11 14:31:20,595 TemporaryDirectory.cleanup() worked.
2026-03-11 14:31:20,596 shutil.rmtree worked.
2026-03-11 14:31:20,596 TemporaryDirectory.cleanup() worked.
2026-03-11 14:31:20,596 shutil.rmtree worked.
2026-03-11 14:31:20,597 Cancelling tasks.
2026-03-11 14:31:20,597 Exiting Kaleido/Choreo
2026-03-11 14:31:20,597 DPI helper failed for results/NanoPlot_details/LengthvsQualityScatterPlot_dot.png: It seems like you are running a slim version of your operating system and are missing some common dependencies. The following command should install the required dependencies on most systems:

$ sudo apt update && sudo apt-get install libnss3 libatk-bridge2.0-0 libcups2 libxcomposite1 libxdamage1 libxfixes3 libxrandr2 libgbm1 libxkbcommon0 libpango-1.0-0 libcairo2 libasound2

If you have already run the above command and are still seeing this error, or the above command fails, consult the Kaleido documentation for operating system to install chromium dependencies.

For support, run the command `choreo_diagnose` and create an issue with its output.; falling back to explicit px size
2026-03-11 14:31:20,602 Chromium init'ed with kwargs {}
2026-03-11 14:31:20,602 Found chromium path: /home/lenova/miniconda3/envs/longread_env/lib/python3.10/site-packages/choreographer/cli/browser_exe/chrome-linux64/chrome
2026-03-11 14:31:20,604 Temp directory created: /tmp/tmpxgtqjlcl.
2026-03-11 14:31:20,604 Opening browser.
2026-03-11 14:31:20,605 Temp directory created: /tmp/tmp4y19yw76.
2026-03-11 14:31:20,639 Temporary directory at: /tmp/tmp4y19yw76
2026-03-11 14:31:20,691 Closing browser.
2026-03-11 14:31:20,709 TemporaryDirectory.cleanup() worked.
2026-03-11 14:31:20,709 shutil.rmtree worked.
2026-03-11 14:31:20,709 TemporaryDirectory.cleanup() worked.
2026-03-11 14:31:20,710 shutil.rmtree worked.
2026-03-11 14:31:20,710 Cancelling tasks.
2026-03-11 14:31:20,710 Exiting Kaleido/Choreo
2026-03-11 14:31:20,710 No static plots are saved due to an export problem:
2026-03-11 14:31:20,710 It seems like you are running a slim version of your operating system and are missing some common dependencies. The following command should install the required dependencies on most systems:

$ sudo apt update && sudo apt-get install libnss3 libatk-bridge2.0-0 libcups2 libxcomposite1 libxdamage1 libxfixes3 libxrandr2 libgbm1 libxkbcommon0 libpango-1.0-0 libcairo2 libasound2

If you have already run the above command and are still seeing this error, or the above command fails, consult the Kaleido documentation for operating system to install chromium dependencies.

For support, run the command `choreo_diagnose` and create an issue with its output.
2026-03-11 14:31:20,761 Chromium init'ed with kwargs {}
2026-03-11 14:31:20,761 Found chromium path: /home/lenova/miniconda3/envs/longread_env/lib/python3.10/site-packages/choreographer/cli/browser_exe/chrome-linux64/chrome
2026-03-11 14:31:20,762 Temp directory created: /tmp/tmpqox6urx6.
2026-03-11 14:31:20,763 Opening browser.
2026-03-11 14:31:20,764 Temp directory created: /tmp/tmpt9q0hf76.
2026-03-11 14:31:20,786 Temporary directory at: /tmp/tmpt9q0hf76
2026-03-11 14:31:20,841 Closing browser.
2026-03-11 14:31:20,859 TemporaryDirectory.cleanup() worked.
2026-03-11 14:31:20,859 shutil.rmtree worked.
2026-03-11 14:31:20,860 TemporaryDirectory.cleanup() worked.
2026-03-11 14:31:20,860 shutil.rmtree worked.
2026-03-11 14:31:20,860 Cancelling tasks.
2026-03-11 14:31:20,860 Exiting Kaleido/Choreo
2026-03-11 14:31:20,861 DPI helper failed for results/NanoPlot_details/LengthvsQualityScatterPlot_kde.png: It seems like you are running a slim version of your operating system and are missing some common dependencies. The following command should install the required dependencies on most systems:

$ sudo apt update && sudo apt-get install libnss3 libatk-bridge2.0-0 libcups2 libxcomposite1 libxdamage1 libxfixes3 libxrandr2 libgbm1 libxkbcommon0 libpango-1.0-0 libcairo2 libasound2

If you have already run the above command and are still seeing this error, or the above command fails, consult the Kaleido documentation for operating system to install chromium dependencies.

For support, run the command `choreo_diagnose` and create an issue with its output.; falling back to explicit px size
2026-03-11 14:31:20,868 Chromium init'ed with kwargs {}
2026-03-11 14:31:20,869 Found chromium path: /home/lenova/miniconda3/envs/longread_env/lib/python3.10/site-packages/choreographer/cli/browser_exe/chrome-linux64/chrome
2026-03-11 14:31:20,870 Temp directory created: /tmp/tmp0jtol7yy.
2026-03-11 14:31:20,870 Opening browser.
2026-03-11 14:31:20,873 Temp directory created: /tmp/tmpwi2aqgpx.
2026-03-11 14:31:20,898 Temporary directory at: /tmp/tmpwi2aqgpx
2026-03-11 14:31:20,955 Closing browser.
2026-03-11 14:31:20,972 TemporaryDirectory.cleanup() worked.
2026-03-11 14:31:20,972 shutil.rmtree worked.
2026-03-11 14:31:20,973 TemporaryDirectory.cleanup() worked.
2026-03-11 14:31:20,973 shutil.rmtree worked.
2026-03-11 14:31:20,974 Cancelling tasks.
2026-03-11 14:31:20,974 Exiting Kaleido/Choreo
2026-03-11 14:31:20,974 No static plots are saved due to an export problem:
2026-03-11 14:31:20,975 It seems like you are running a slim version of your operating system and are missing some common dependencies. The following command should install the required dependencies on most systems:

$ sudo apt update && sudo apt-get install libnss3 libatk-bridge2.0-0 libcups2 libxcomposite1 libxdamage1 libxfixes3 libxrandr2 libgbm1 libxkbcommon0 libpango-1.0-0 libcairo2 libasound2

If you have already run the above command and are still seeing this error, or the above command fails, consult the Kaleido documentation for operating system to install chromium dependencies.

For support, run the command `choreo_diagnose` and create an issue with its output.
2026-03-11 14:31:20,975 Created LengthvsQual plot
2026-03-11 14:31:20,975 Writing html report.
2026-03-11 14:31:20,988 Finished!
2026-03-11 14:31:21,052 TemporaryDirectory.cleanup() worked.
2026-03-11 14:31:21,052 shutil.rmtree worked.
2026-03-11 14:31:21,053 TemporaryDirectory.cleanup() worked.
2026-03-11 14:31:21,053 shutil.rmtree worked.
2026-03-11 14:31:21,053 TemporaryDirectory.cleanup() worked.
2026-03-11 14:31:21,053 shutil.rmtree worked.
2026-03-11 14:31:21,053 TemporaryDirectory.cleanup() worked.
2026-03-11 14:31:21,053 shutil.rmtree worked.
2026-03-11 14:31:21,053 TemporaryDirectory.cleanup() worked.
2026-03-11 14:31:21,053 shutil.rmtree worked.
